# JRE version: OpenJDK Runtime Environment Temurin-17.0.4+8 (17.0.4+8) (build 17.0.4+8)
# Java VM: OpenJDK 64-Bit Server VM Temurin-17.0.4+8 (17.0.4+8, mixed mode, emulated-client, tiered, compressed oops, compressed class ptrs, g1 gc, windows-amd64)
GC Precious Log:
 CPUs: 4 total, 4 available
 Memory: 3818M
 Large Page Support: Disabled
 NUMA Support: Disabled
 Compressed Oops: Enabled (32-bit)
 Heap Region Size: 1M
 Heap Min Capacity: 8M
 Heap Initial Capacity: 60M
 Heap Max Capacity: 956M
 Pre-touch: Disabled
 Parallel Workers: 4
 Concurrent Workers: 1
 Concurrent Refinement Workers: 4
 Periodic GC: Disabled
Heap:
 garbage-first heap   total 40960K, used 12602K [0x00000000c4400000, 0x0000000100000000)
  region size 1024K, 6 young (6144K), 3 survivors (3072K)
 Metaspace       used 26571K, committed 26816K, reserved 1073152K
  class space    used 3138K, committed 3264K, reserved 1048576K
GC Heap History (10 events):
Event: 2.600 GC heap before
{Heap before GC invocations=0 (full 0):
 garbage-first heap   total 61440K, used 13312K [0x00000000c4400000, 0x0000000100000000)
  region size 1024K, 13 young (13312K), 0 survivors (0K)
 Metaspace       used 13354K, committed 13568K, reserved 1064960K
  class space    used 1368K, committed 1472K, reserved 1048576K
}
Event: 2.620 GC heap after
{Heap after GC invocations=1 (full 0):
 garbage-first heap   total 61440K, used 6272K [0x00000000c4400000, 0x0000000100000000)
  region size 1024K, 2 young (2048K), 2 survivors (2048K)
 Metaspace       used 13354K, committed 13568K, reserved 1064960K
  class space    used 1368K, committed 1472K, reserved 1048576K
}
Event: 3.384 GC heap before
{Heap before GC invocations=1 (full 0):
 garbage-first heap   total 61440K, used 14464K [0x00000000c4400000, 0x0000000100000000)
  region size 1024K, 10 young (10240K), 2 survivors (2048K)
 Metaspace       used 15604K, committed 15872K, reserved 1064960K
  class space    used 1668K, committed 1792K, reserved 1048576K
}
Event: 3.389 GC heap after
{Heap after GC invocations=2 (full 0):
 garbage-first heap   total 61440K, used 7548K [0x00000000c4400000, 0x0000000100000000)
  region size 1024K, 2 young (2048K), 2 survivors (2048K)
 Metaspace       used 15604K, committed 15872K, reserved 1064960K
  class space    used 1668K, committed 1792K, reserved 1048576K
}
Event: 6.767 GC heap before
{Heap before GC invocations=2 (full 0):
 garbage-first heap   total 61440K, used 24956K [0x00000000c4400000, 0x0000000100000000)
  region size 1024K, 20 young (20480K), 2 survivors (2048K)
 Metaspace       used 19318K, committed 19520K, reserved 1073152K
  class space    used 2199K, committed 2304K, reserved 1048576K
}
Event: 6.771 GC heap after
{Heap after GC invocations=3 (full 0):
 garbage-first heap   total 61440K, used 8948K [0x00000000c4400000, 0x0000000100000000)
  region size 1024K, 3 young (3072K), 3 survivors (3072K)
 Metaspace       used 19318K, committed 19520K, reserved 1073152K
  class space    used 2199K, committed 2304K, reserved 1048576K
}
Event: 8.902 GC heap before
{Heap before GC invocations=3 (full 0):
 garbage-first heap   total 61440K, used 15092K [0x00000000c4400000, 0x0000000100000000)
  region size 1024K, 11 young (11264K), 3 survivors (3072K)
 Metaspace       used 21245K, committed 21504K, reserved 1073152K
  class space    used 2450K, committed 2624K, reserved 1048576K
}
Event: 8.905 GC heap after
{Heap after GC invocations=4 (full 0):
 garbage-first heap   total 61440K, used 9391K [0x00000000c4400000, 0x0000000100000000)
  region size 1024K, 2 young (2048K), 2 survivors (2048K)
 Metaspace       used 21245K, committed 21504K, reserved 1073152K
  class space    used 2450K, committed 2624K, reserved 1048576K
}
Event: 10.329 GC heap before
{Heap before GC invocations=5 (full 0):
 garbage-first heap   total 40960K, used 30895K [0x00000000c4400000, 0x0000000100000000)
  region size 1024K, 25 young (25600K), 2 survivors (2048K)
 Metaspace       used 26266K, committed 26496K, reserved 1073152K
  class space    used 3111K, committed 3200K, reserved 1048576K
}
Event: 10.333 GC heap after
{Heap after GC invocations=6 (full 0):
 garbage-first heap   total 40960K, used 10554K [0x00000000c4400000, 0x0000000100000000)
  region size 1024K, 3 young (3072K), 3 survivors (3072K)
 Metaspace       used 26266K, committed 26496K, reserved 1073152K
  class space    used 3111K, committed 3200K, reserved 1048576K
}

